mode: set
github.com/Alieksieiev0/sgotify/cmd/sgotify/sgotify.go:13.13,15.16 2 0
github.com/Alieksieiev0/sgotify/cmd/sgotify/sgotify.go:15.16,17.3 1 0
github.com/Alieksieiev0/sgotify/cmd/sgotify/sgotify.go:18.2,21.16 4 0
github.com/Alieksieiev0/sgotify/cmd/sgotify/sgotify.go:21.16,24.3 2 0
github.com/Alieksieiev0/sgotify/cmd/sgotify/sgotify.go:26.2,28.16 3 0
github.com/Alieksieiev0/sgotify/cmd/sgotify/sgotify.go:28.16,31.3 2 0
github.com/Alieksieiev0/sgotify/cmd/sgotify/sgotify.go:32.2,34.16 3 0
github.com/Alieksieiev0/sgotify/cmd/sgotify/sgotify.go:34.16,37.3 2 0
github.com/Alieksieiev0/sgotify/cmd/sgotify/sgotify.go:38.2,38.22 1 0
github.com/Alieksieiev0/sgotify/pkg/services/callback_server.go:13.38,17.12 3 0
github.com/Alieksieiev0/sgotify/pkg/services/callback_server.go:17.12,22.58 4 0
github.com/Alieksieiev0/sgotify/pkg/services/callback_server.go:22.58,24.4 1 0
github.com/Alieksieiev0/sgotify/pkg/services/callback_server.go:27.2,27.43 1 0
github.com/Alieksieiev0/sgotify/pkg/services/callback_server.go:27.43,29.3 1 0
github.com/Alieksieiev0/sgotify/pkg/services/callback_server.go:32.52,33.54 1 0
github.com/Alieksieiev0/sgotify/pkg/services/callback_server.go:33.54,35.21 2 0
github.com/Alieksieiev0/sgotify/pkg/services/callback_server.go:35.21,37.4 1 0
github.com/Alieksieiev0/sgotify/pkg/services/callback_server.go:39.3,40.49 2 0
github.com/Alieksieiev0/sgotify/pkg/services/services.go:16.73,19.16 3 0
github.com/Alieksieiev0/sgotify/pkg/services/services.go:19.16,21.3 1 0
github.com/Alieksieiev0/sgotify/pkg/services/services.go:23.2,26.16 4 0
github.com/Alieksieiev0/sgotify/pkg/services/services.go:26.16,28.3 1 0
github.com/Alieksieiev0/sgotify/pkg/services/services.go:30.2,30.19 1 0
github.com/Alieksieiev0/sgotify/pkg/services/services.go:33.47,37.2 1 0
github.com/Alieksieiev0/sgotify/pkg/auth/auth.go:14.40,16.2 1 0
github.com/Alieksieiev0/sgotify/pkg/auth/auth.go:18.44,19.25 1 0
github.com/Alieksieiev0/sgotify/pkg/auth/auth.go:19.25,21.3 1 0
github.com/Alieksieiev0/sgotify/pkg/auth/auth.go:24.79,26.2 1 0
github.com/Alieksieiev0/sgotify/pkg/auth/auth.go:32.26,34.2 1 0
github.com/Alieksieiev0/sgotify/pkg/auth/auth.go:36.40,50.2 3 0
github.com/Alieksieiev0/sgotify/pkg/auth/auth.go:54.37,55.26 1 0
github.com/Alieksieiev0/sgotify/pkg/auth/auth.go:55.26,57.3 1 0
github.com/Alieksieiev0/sgotify/pkg/api/album.go:40.76,44.2 3 1
github.com/Alieksieiev0/sgotify/pkg/api/album.go:46.82,52.2 3 1
github.com/Alieksieiev0/sgotify/pkg/api/album.go:54.93,58.2 3 1
github.com/Alieksieiev0/sgotify/pkg/api/album.go:60.86,64.2 3 1
github.com/Alieksieiev0/sgotify/pkg/api/album.go:66.64,68.2 1 1
github.com/Alieksieiev0/sgotify/pkg/api/album.go:70.61,72.2 1 1
github.com/Alieksieiev0/sgotify/pkg/api/album.go:74.70,81.2 3 1
github.com/Alieksieiev0/sgotify/pkg/api/album.go:83.82,89.2 3 1
github.com/Alieksieiev0/sgotify/pkg/api/artist.go:25.61,29.2 3 1
github.com/Alieksieiev0/sgotify/pkg/api/artist.go:31.67,37.2 3 1
github.com/Alieksieiev0/sgotify/pkg/api/artist.go:39.94,43.2 3 1
github.com/Alieksieiev0/sgotify/pkg/api/artist.go:45.88,51.2 3 1
github.com/Alieksieiev0/sgotify/pkg/api/artist.go:53.77,59.2 3 1
github.com/Alieksieiev0/sgotify/pkg/api/audiobook.go:43.84,47.2 3 1
github.com/Alieksieiev0/sgotify/pkg/api/audiobook.go:49.90,55.2 3 1
github.com/Alieksieiev0/sgotify/pkg/api/audiobook.go:60.36,64.2 3 1
github.com/Alieksieiev0/sgotify/pkg/api/audiobook.go:66.94,70.2 3 1
github.com/Alieksieiev0/sgotify/pkg/api/audiobook.go:72.68,74.2 1 1
github.com/Alieksieiev0/sgotify/pkg/api/audiobook.go:76.65,78.2 1 1
github.com/Alieksieiev0/sgotify/pkg/api/audiobook.go:80.74,87.2 3 1
github.com/Alieksieiev0/sgotify/pkg/api/category.go:12.84,16.2 3 1
github.com/Alieksieiev0/sgotify/pkg/api/category.go:18.80,24.2 3 1
github.com/Alieksieiev0/sgotify/pkg/api/chapter.go:36.80,40.2 3 1
github.com/Alieksieiev0/sgotify/pkg/api/chapter.go:42.86,48.2 3 1
github.com/Alieksieiev0/sgotify/pkg/api/client.go:34.85,45.2 2 1
github.com/Alieksieiev0/sgotify/pkg/api/client.go:52.9,63.2 2 1
github.com/Alieksieiev0/sgotify/pkg/api/client.go:69.9,80.2 2 1
github.com/Alieksieiev0/sgotify/pkg/api/client.go:87.9,98.2 2 1
github.com/Alieksieiev0/sgotify/pkg/api/client.go:105.9,116.2 2 1
github.com/Alieksieiev0/sgotify/pkg/api/client.go:118.60,120.16 2 1
github.com/Alieksieiev0/sgotify/pkg/api/client.go:120.16,122.3 1 0
github.com/Alieksieiev0/sgotify/pkg/api/client.go:124.2,124.42 1 1
github.com/Alieksieiev0/sgotify/pkg/api/client.go:127.81,129.16 2 1
github.com/Alieksieiev0/sgotify/pkg/api/client.go:129.16,131.3 1 0
github.com/Alieksieiev0/sgotify/pkg/api/client.go:133.2,134.16 2 1
github.com/Alieksieiev0/sgotify/pkg/api/client.go:134.16,137.3 2 0
github.com/Alieksieiev0/sgotify/pkg/api/client.go:138.2,138.33 1 1
github.com/Alieksieiev0/sgotify/pkg/api/client.go:138.33,140.3 1 1
github.com/Alieksieiev0/sgotify/pkg/api/client.go:141.2,141.17 1 1
github.com/Alieksieiev0/sgotify/pkg/api/client.go:144.77,146.16 2 1
github.com/Alieksieiev0/sgotify/pkg/api/client.go:146.16,148.3 1 0
github.com/Alieksieiev0/sgotify/pkg/api/client.go:150.2,151.16 2 1
github.com/Alieksieiev0/sgotify/pkg/api/client.go:151.16,153.3 1 0
github.com/Alieksieiev0/sgotify/pkg/api/client.go:155.2,155.37 1 1
github.com/Alieksieiev0/sgotify/pkg/api/client.go:155.37,157.3 1 0
github.com/Alieksieiev0/sgotify/pkg/api/client.go:158.2,158.20 1 1
github.com/Alieksieiev0/sgotify/pkg/api/client.go:158.20,160.3 1 1
github.com/Alieksieiev0/sgotify/pkg/api/client.go:161.2,161.38 1 1
github.com/Alieksieiev0/sgotify/pkg/api/client.go:164.50,169.16 3 0
github.com/Alieksieiev0/sgotify/pkg/api/client.go:169.16,171.3 1 0
github.com/Alieksieiev0/sgotify/pkg/api/client.go:172.2,172.57 1 0
github.com/Alieksieiev0/sgotify/pkg/api/client.go:175.73,180.2 1 0
github.com/Alieksieiev0/sgotify/pkg/api/episode.go:33.80,37.2 3 1
github.com/Alieksieiev0/sgotify/pkg/api/episode.go:39.86,45.2 3 1
github.com/Alieksieiev0/sgotify/pkg/api/episode.go:47.85,51.2 3 1
github.com/Alieksieiev0/sgotify/pkg/api/episode.go:53.66,55.2 1 1
github.com/Alieksieiev0/sgotify/pkg/api/episode.go:57.63,59.2 1 1
github.com/Alieksieiev0/sgotify/pkg/api/episode.go:61.72,68.2 3 1
github.com/Alieksieiev0/sgotify/pkg/api/param.go:10.43,11.29 1 1
github.com/Alieksieiev0/sgotify/pkg/api/param.go:11.29,13.3 1 1
github.com/Alieksieiev0/sgotify/pkg/api/param.go:16.32,17.29 1 1
github.com/Alieksieiev0/sgotify/pkg/api/param.go:17.29,19.3 1 1
github.com/Alieksieiev0/sgotify/pkg/api/param.go:22.33,23.29 1 0
github.com/Alieksieiev0/sgotify/pkg/api/param.go:23.29,25.3 1 0
github.com/Alieksieiev0/sgotify/pkg/api/param.go:28.42,29.29 1 0
github.com/Alieksieiev0/sgotify/pkg/api/param.go:29.29,31.3 1 0
github.com/Alieksieiev0/sgotify/pkg/api/param.go:34.32,35.29 1 0
github.com/Alieksieiev0/sgotify/pkg/api/param.go:35.29,37.3 1 0
github.com/Alieksieiev0/sgotify/pkg/api/param.go:40.27,41.29 1 1
github.com/Alieksieiev0/sgotify/pkg/api/param.go:41.29,43.3 1 1
github.com/Alieksieiev0/sgotify/pkg/api/param.go:47.27,48.29 1 0
github.com/Alieksieiev0/sgotify/pkg/api/param.go:48.29,50.3 1 0
github.com/Alieksieiev0/sgotify/pkg/api/param.go:53.28,54.29 1 0
github.com/Alieksieiev0/sgotify/pkg/api/param.go:54.29,56.3 1 0
github.com/Alieksieiev0/sgotify/pkg/api/param.go:59.28,60.29 1 1
github.com/Alieksieiev0/sgotify/pkg/api/param.go:60.29,62.3 1 1
github.com/Alieksieiev0/sgotify/pkg/api/param.go:65.32,66.29 1 0
github.com/Alieksieiev0/sgotify/pkg/api/param.go:66.29,68.3 1 0
github.com/Alieksieiev0/sgotify/pkg/api/param.go:71.29,72.29 1 0
github.com/Alieksieiev0/sgotify/pkg/api/param.go:72.29,74.3 1 0
github.com/Alieksieiev0/sgotify/pkg/api/param.go:77.30,78.29 1 0
github.com/Alieksieiev0/sgotify/pkg/api/param.go:78.29,80.3 1 0
github.com/Alieksieiev0/sgotify/pkg/api/param.go:83.36,84.29 1 0
github.com/Alieksieiev0/sgotify/pkg/api/param.go:84.29,86.3 1 0
github.com/Alieksieiev0/sgotify/pkg/api/param.go:89.37,90.29 1 0
github.com/Alieksieiev0/sgotify/pkg/api/param.go:90.29,92.3 1 0
github.com/Alieksieiev0/sgotify/pkg/api/param.go:95.35,96.29 1 0
github.com/Alieksieiev0/sgotify/pkg/api/param.go:96.29,98.3 1 0
github.com/Alieksieiev0/sgotify/pkg/api/param.go:101.41,102.29 1 0
github.com/Alieksieiev0/sgotify/pkg/api/param.go:102.29,104.3 1 0
github.com/Alieksieiev0/sgotify/pkg/api/param.go:107.41,108.29 1 0
github.com/Alieksieiev0/sgotify/pkg/api/param.go:108.29,110.3 1 0
github.com/Alieksieiev0/sgotify/pkg/api/param.go:113.44,114.29 1 0
github.com/Alieksieiev0/sgotify/pkg/api/param.go:114.29,116.3 1 0
github.com/Alieksieiev0/sgotify/pkg/api/param.go:119.41,120.29 1 0
github.com/Alieksieiev0/sgotify/pkg/api/param.go:120.29,122.3 1 0
github.com/Alieksieiev0/sgotify/pkg/api/param.go:125.41,126.29 1 0
github.com/Alieksieiev0/sgotify/pkg/api/param.go:126.29,128.3 1 0
github.com/Alieksieiev0/sgotify/pkg/api/param.go:131.44,132.29 1 0
github.com/Alieksieiev0/sgotify/pkg/api/param.go:132.29,134.3 1 0
github.com/Alieksieiev0/sgotify/pkg/api/param.go:137.35,138.29 1 0
github.com/Alieksieiev0/sgotify/pkg/api/param.go:138.29,140.3 1 0
github.com/Alieksieiev0/sgotify/pkg/api/param.go:143.35,144.29 1 0
github.com/Alieksieiev0/sgotify/pkg/api/param.go:144.29,146.3 1 0
github.com/Alieksieiev0/sgotify/pkg/api/param.go:149.38,150.29 1 0
github.com/Alieksieiev0/sgotify/pkg/api/param.go:150.29,152.3 1 0
github.com/Alieksieiev0/sgotify/pkg/api/param.go:155.35,156.29 1 0
github.com/Alieksieiev0/sgotify/pkg/api/param.go:156.29,158.3 1 0
github.com/Alieksieiev0/sgotify/pkg/api/param.go:161.35,162.29 1 0
github.com/Alieksieiev0/sgotify/pkg/api/param.go:162.29,164.3 1 0
github.com/Alieksieiev0/sgotify/pkg/api/param.go:167.38,168.29 1 0
github.com/Alieksieiev0/sgotify/pkg/api/param.go:168.29,170.3 1 0
github.com/Alieksieiev0/sgotify/pkg/api/param.go:173.45,174.29 1 0
github.com/Alieksieiev0/sgotify/pkg/api/param.go:174.29,176.3 1 0
github.com/Alieksieiev0/sgotify/pkg/api/param.go:179.45,180.29 1 0
github.com/Alieksieiev0/sgotify/pkg/api/param.go:180.29,182.3 1 0
github.com/Alieksieiev0/sgotify/pkg/api/param.go:185.48,186.29 1 0
github.com/Alieksieiev0/sgotify/pkg/api/param.go:186.29,188.3 1 0
github.com/Alieksieiev0/sgotify/pkg/api/param.go:191.28,192.29 1 0
github.com/Alieksieiev0/sgotify/pkg/api/param.go:192.29,194.3 1 0
github.com/Alieksieiev0/sgotify/pkg/api/param.go:197.28,198.29 1 0
github.com/Alieksieiev0/sgotify/pkg/api/param.go:198.29,200.3 1 0
github.com/Alieksieiev0/sgotify/pkg/api/param.go:203.31,204.29 1 0
github.com/Alieksieiev0/sgotify/pkg/api/param.go:204.29,206.3 1 0
github.com/Alieksieiev0/sgotify/pkg/api/param.go:209.37,210.29 1 0
github.com/Alieksieiev0/sgotify/pkg/api/param.go:210.29,212.3 1 0
github.com/Alieksieiev0/sgotify/pkg/api/param.go:215.37,216.29 1 0
github.com/Alieksieiev0/sgotify/pkg/api/param.go:216.29,218.3 1 0
github.com/Alieksieiev0/sgotify/pkg/api/param.go:221.40,222.29 1 0
github.com/Alieksieiev0/sgotify/pkg/api/param.go:222.29,224.3 1 0
github.com/Alieksieiev0/sgotify/pkg/api/param.go:227.37,228.29 1 0
github.com/Alieksieiev0/sgotify/pkg/api/param.go:228.29,230.3 1 0
github.com/Alieksieiev0/sgotify/pkg/api/param.go:233.37,234.29 1 0
github.com/Alieksieiev0/sgotify/pkg/api/param.go:234.29,236.3 1 0
github.com/Alieksieiev0/sgotify/pkg/api/param.go:239.40,240.29 1 0
github.com/Alieksieiev0/sgotify/pkg/api/param.go:240.29,242.3 1 0
github.com/Alieksieiev0/sgotify/pkg/api/param.go:245.29,246.29 1 0
github.com/Alieksieiev0/sgotify/pkg/api/param.go:246.29,248.3 1 0
github.com/Alieksieiev0/sgotify/pkg/api/param.go:251.29,252.29 1 0
github.com/Alieksieiev0/sgotify/pkg/api/param.go:252.29,254.3 1 0
github.com/Alieksieiev0/sgotify/pkg/api/param.go:257.32,258.29 1 0
github.com/Alieksieiev0/sgotify/pkg/api/param.go:258.29,260.3 1 0
github.com/Alieksieiev0/sgotify/pkg/api/param.go:263.35,264.29 1 0
github.com/Alieksieiev0/sgotify/pkg/api/param.go:264.29,266.3 1 0
github.com/Alieksieiev0/sgotify/pkg/api/param.go:269.35,270.29 1 0
github.com/Alieksieiev0/sgotify/pkg/api/param.go:270.29,272.3 1 0
github.com/Alieksieiev0/sgotify/pkg/api/param.go:275.38,276.29 1 0
github.com/Alieksieiev0/sgotify/pkg/api/param.go:276.29,278.3 1 0
github.com/Alieksieiev0/sgotify/pkg/api/param.go:281.40,282.29 1 0
github.com/Alieksieiev0/sgotify/pkg/api/param.go:282.29,284.3 1 0
github.com/Alieksieiev0/sgotify/pkg/api/param.go:287.40,288.29 1 0
github.com/Alieksieiev0/sgotify/pkg/api/param.go:288.29,290.3 1 0
github.com/Alieksieiev0/sgotify/pkg/api/param.go:293.43,294.29 1 0
github.com/Alieksieiev0/sgotify/pkg/api/param.go:294.29,296.3 1 0
github.com/Alieksieiev0/sgotify/pkg/api/param.go:299.34,300.29 1 0
github.com/Alieksieiev0/sgotify/pkg/api/param.go:300.29,302.3 1 0
github.com/Alieksieiev0/sgotify/pkg/api/param.go:305.34,306.29 1 0
github.com/Alieksieiev0/sgotify/pkg/api/param.go:306.29,308.3 1 0
github.com/Alieksieiev0/sgotify/pkg/api/param.go:311.37,312.29 1 0
github.com/Alieksieiev0/sgotify/pkg/api/param.go:312.29,314.3 1 0
github.com/Alieksieiev0/sgotify/pkg/api/param.go:317.38,318.29 1 0
github.com/Alieksieiev0/sgotify/pkg/api/param.go:318.29,320.3 1 0
github.com/Alieksieiev0/sgotify/pkg/api/param.go:323.38,324.29 1 0
github.com/Alieksieiev0/sgotify/pkg/api/param.go:324.29,326.3 1 0
github.com/Alieksieiev0/sgotify/pkg/api/param.go:329.41,330.29 1 0
github.com/Alieksieiev0/sgotify/pkg/api/param.go:330.29,332.3 1 0
github.com/Alieksieiev0/sgotify/pkg/api/param.go:335.36,336.29 1 0
github.com/Alieksieiev0/sgotify/pkg/api/param.go:336.29,338.3 1 0
github.com/Alieksieiev0/sgotify/pkg/api/param.go:341.36,342.29 1 0
github.com/Alieksieiev0/sgotify/pkg/api/param.go:342.29,344.3 1 0
github.com/Alieksieiev0/sgotify/pkg/api/param.go:347.39,348.29 1 0
github.com/Alieksieiev0/sgotify/pkg/api/param.go:348.29,350.3 1 0
github.com/Alieksieiev0/sgotify/pkg/api/param.go:353.61,355.16 2 1
github.com/Alieksieiev0/sgotify/pkg/api/param.go:355.16,357.3 1 0
github.com/Alieksieiev0/sgotify/pkg/api/param.go:358.2,359.32 2 1
github.com/Alieksieiev0/sgotify/pkg/api/param.go:362.66,363.31 1 1
github.com/Alieksieiev0/sgotify/pkg/api/param.go:363.31,365.3 1 1
github.com/Alieksieiev0/sgotify/pkg/api/param.go:367.2,367.14 1 1
github.com/Alieksieiev0/sgotify/pkg/api/player.go:77.72,81.2 3 1
github.com/Alieksieiev0/sgotify/pkg/api/player.go:83.73,92.16 3 1
github.com/Alieksieiev0/sgotify/pkg/api/player.go:92.16,94.3 1 0
github.com/Alieksieiev0/sgotify/pkg/api/player.go:95.2,95.39 1 1
github.com/Alieksieiev0/sgotify/pkg/api/player.go:98.60,104.2 3 1
github.com/Alieksieiev0/sgotify/pkg/api/player.go:106.80,110.2 3 1
github.com/Alieksieiev0/sgotify/pkg/api/player.go:118.9,131.16 3 1
github.com/Alieksieiev0/sgotify/pkg/api/player.go:131.16,133.3 1 0
github.com/Alieksieiev0/sgotify/pkg/api/player.go:134.2,134.55 1 1
github.com/Alieksieiev0/sgotify/pkg/api/player.go:137.56,139.2 1 1
github.com/Alieksieiev0/sgotify/pkg/api/player.go:141.53,143.2 1 1
github.com/Alieksieiev0/sgotify/pkg/api/player.go:145.57,147.2 1 1
github.com/Alieksieiev0/sgotify/pkg/api/player.go:149.73,155.2 1 1
github.com/Alieksieiev0/sgotify/pkg/api/player.go:157.70,159.2 1 1
github.com/Alieksieiev0/sgotify/pkg/api/player.go:161.79,167.2 1 1
github.com/Alieksieiev0/sgotify/pkg/api/player.go:169.76,175.2 1 1
github.com/Alieksieiev0/sgotify/pkg/api/player.go:177.91,181.2 3 1
github.com/Alieksieiev0/sgotify/pkg/api/player.go:183.54,187.2 3 1
github.com/Alieksieiev0/sgotify/pkg/api/player.go:189.77,191.2 1 1
github.com/Alieksieiev0/sgotify/pkg/api/playlist.go:55.82,59.2 3 1
github.com/Alieksieiev0/sgotify/pkg/api/playlist.go:64.9,77.16 3 1
github.com/Alieksieiev0/sgotify/pkg/api/playlist.go:77.16,79.3 1 0
github.com/Alieksieiev0/sgotify/pkg/api/playlist.go:81.2,81.58 1 1
github.com/Alieksieiev0/sgotify/pkg/api/playlist.go:84.93,88.2 3 1
github.com/Alieksieiev0/sgotify/pkg/api/playlist.go:95.22,109.16 4 1
github.com/Alieksieiev0/sgotify/pkg/api/playlist.go:109.16,111.3 1 0
github.com/Alieksieiev0/sgotify/pkg/api/playlist.go:112.2,113.22 2 1
github.com/Alieksieiev0/sgotify/pkg/api/playlist.go:121.22,131.16 4 1
github.com/Alieksieiev0/sgotify/pkg/api/playlist.go:131.16,133.3 1 0
github.com/Alieksieiev0/sgotify/pkg/api/playlist.go:134.2,135.22 2 1
github.com/Alieksieiev0/sgotify/pkg/api/playlist.go:138.100,148.16 4 1
github.com/Alieksieiev0/sgotify/pkg/api/playlist.go:148.16,150.3 1 0
github.com/Alieksieiev0/sgotify/pkg/api/playlist.go:151.2,152.22 2 1
github.com/Alieksieiev0/sgotify/pkg/api/playlist.go:155.94,159.2 3 1
github.com/Alieksieiev0/sgotify/pkg/api/playlist.go:164.37,168.2 3 1
github.com/Alieksieiev0/sgotify/pkg/api/playlist.go:173.9,186.16 3 1
github.com/Alieksieiev0/sgotify/pkg/api/playlist.go:186.16,188.3 1 0
github.com/Alieksieiev0/sgotify/pkg/api/playlist.go:189.2,189.70 1 1
github.com/Alieksieiev0/sgotify/pkg/api/playlist.go:192.85,196.2 3 1
github.com/Alieksieiev0/sgotify/pkg/api/playlist.go:201.31,208.2 3 1
github.com/Alieksieiev0/sgotify/pkg/api/playlist.go:210.70,214.2 3 1
github.com/Alieksieiev0/sgotify/pkg/api/playlist.go:216.70,218.2 1 1
github.com/Alieksieiev0/sgotify/pkg/api/search.go:18.92,25.2 3 1
github.com/Alieksieiev0/sgotify/pkg/api/show.go:33.74,37.2 3 1
github.com/Alieksieiev0/sgotify/pkg/api/show.go:39.80,45.2 3 1
github.com/Alieksieiev0/sgotify/pkg/api/show.go:47.96,51.2 3 1
github.com/Alieksieiev0/sgotify/pkg/api/show.go:53.84,57.2 3 1
github.com/Alieksieiev0/sgotify/pkg/api/show.go:59.63,61.2 1 1
github.com/Alieksieiev0/sgotify/pkg/api/show.go:63.60,65.2 1 1
github.com/Alieksieiev0/sgotify/pkg/api/show.go:67.69,71.2 3 1
github.com/Alieksieiev0/sgotify/pkg/api/track.go:149.76,153.2 3 1
github.com/Alieksieiev0/sgotify/pkg/api/track.go:155.82,161.2 3 1
github.com/Alieksieiev0/sgotify/pkg/api/track.go:163.81,167.2 3 1
github.com/Alieksieiev0/sgotify/pkg/api/track.go:169.64,171.2 1 1
github.com/Alieksieiev0/sgotify/pkg/api/track.go:173.61,175.2 1 1
github.com/Alieksieiev0/sgotify/pkg/api/track.go:177.70,184.2 3 1
github.com/Alieksieiev0/sgotify/pkg/api/track.go:186.81,192.2 3 1
github.com/Alieksieiev0/sgotify/pkg/api/track.go:194.75,198.2 3 1
github.com/Alieksieiev0/sgotify/pkg/api/track.go:200.76,204.2 3 1
github.com/Alieksieiev0/sgotify/pkg/api/track.go:206.80,210.2 3 1
github.com/Alieksieiev0/sgotify/pkg/api/user.go:29.58,33.2 3 1
github.com/Alieksieiev0/sgotify/pkg/api/user.go:35.94,39.2 3 1
github.com/Alieksieiev0/sgotify/pkg/api/user.go:41.60,45.2 3 1
github.com/Alieksieiev0/sgotify/pkg/api/user.go:47.72,54.16 3 1
github.com/Alieksieiev0/sgotify/pkg/api/user.go:54.16,56.3 1 0
github.com/Alieksieiev0/sgotify/pkg/api/user.go:58.2,58.76 1 1
github.com/Alieksieiev0/sgotify/pkg/api/user.go:61.61,63.2 1 1
github.com/Alieksieiev0/sgotify/pkg/api/user.go:65.96,69.2 3 1
github.com/Alieksieiev0/sgotify/pkg/api/user.go:71.75,77.2 1 1
github.com/Alieksieiev0/sgotify/pkg/api/user.go:79.77,85.2 1 1
github.com/Alieksieiev0/sgotify/pkg/api/user.go:87.97,94.2 3 1
github.com/Alieksieiev0/sgotify/pkg/api/user.go:96.95,103.2 3 1
github.com/Alieksieiev0/sgotify/pkg/api/utility.go:66.36,67.12 1 1
github.com/Alieksieiev0/sgotify/pkg/api/utility.go:68.14,69.18 1 1
github.com/Alieksieiev0/sgotify/pkg/api/utility.go:70.13,71.17 1 1
github.com/Alieksieiev0/sgotify/pkg/api/utility.go:72.15,73.19 1 0
github.com/Alieksieiev0/sgotify/pkg/api/utility.go:76.2,76.23 1 0
github.com/Alieksieiev0/sgotify/pkg/api/utility.go:79.49,80.46 1 1
github.com/Alieksieiev0/sgotify/pkg/api/utility.go:80.46,82.3 1 0
github.com/Alieksieiev0/sgotify/pkg/api/utility.go:84.2,86.16 3 1
github.com/Alieksieiev0/sgotify/pkg/api/utility.go:86.16,88.3 1 0
github.com/Alieksieiev0/sgotify/pkg/api/utility.go:90.2,91.9 2 1
github.com/Alieksieiev0/sgotify/pkg/api/utility.go:91.9,93.3 1 0
github.com/Alieksieiev0/sgotify/pkg/api/utility.go:95.2,95.18 1 1
github.com/Alieksieiev0/sgotify/pkg/api/utility.go:96.23,98.69 2 1
github.com/Alieksieiev0/sgotify/pkg/api/utility.go:98.69,100.4 1 1
github.com/Alieksieiev0/sgotify/pkg/api/utility.go:101.22,103.67 2 1
github.com/Alieksieiev0/sgotify/pkg/api/utility.go:103.67,105.4 1 1
github.com/Alieksieiev0/sgotify/pkg/api/utility.go:106.24,108.71 2 0
github.com/Alieksieiev0/sgotify/pkg/api/utility.go:108.71,110.4 1 0
github.com/Alieksieiev0/sgotify/pkg/api/utility.go:113.2,113.44 1 0
github.com/Alieksieiev0/sgotify/pkg/api/utility.go:116.93,118.77 2 1
github.com/Alieksieiev0/sgotify/pkg/api/utility.go:118.77,120.3 1 0
github.com/Alieksieiev0/sgotify/pkg/api/utility.go:122.2,125.12 4 1
github.com/Alieksieiev0/sgotify/pkg/api/utility.go:128.63,134.2 3 1
github.com/Alieksieiev0/sgotify/pkg/api/utility.go:136.60,142.2 3 1
