mode: set
github.com/Alieksieiev0/sgotify/cmd/sgotify/sgotify.go:13.13,15.16 2 0
github.com/Alieksieiev0/sgotify/cmd/sgotify/sgotify.go:15.16,17.3 1 0
github.com/Alieksieiev0/sgotify/cmd/sgotify/sgotify.go:18.2,21.16 4 0
github.com/Alieksieiev0/sgotify/cmd/sgotify/sgotify.go:21.16,24.3 2 0
github.com/Alieksieiev0/sgotify/cmd/sgotify/sgotify.go:26.2,28.16 3 0
github.com/Alieksieiev0/sgotify/cmd/sgotify/sgotify.go:28.16,31.3 2 0
github.com/Alieksieiev0/sgotify/cmd/sgotify/sgotify.go:32.2,34.16 3 0
github.com/Alieksieiev0/sgotify/cmd/sgotify/sgotify.go:34.16,37.3 2 0
github.com/Alieksieiev0/sgotify/cmd/sgotify/sgotify.go:38.2,38.22 1 0
github.com/Alieksieiev0/sgotify/pkg/auth/auth.go:14.40,16.2 1 0
github.com/Alieksieiev0/sgotify/pkg/auth/auth.go:18.44,19.25 1 0
github.com/Alieksieiev0/sgotify/pkg/auth/auth.go:19.25,21.3 1 0
github.com/Alieksieiev0/sgotify/pkg/auth/auth.go:24.79,26.2 1 0
github.com/Alieksieiev0/sgotify/pkg/auth/auth.go:32.26,34.2 1 0
github.com/Alieksieiev0/sgotify/pkg/auth/auth.go:36.40,50.2 3 0
github.com/Alieksieiev0/sgotify/pkg/auth/auth.go:54.37,55.26 1 0
github.com/Alieksieiev0/sgotify/pkg/auth/auth.go:55.26,57.3 1 0
github.com/Alieksieiev0/sgotify/pkg/services/callback_server.go:13.38,17.12 3 0
github.com/Alieksieiev0/sgotify/pkg/services/callback_server.go:17.12,22.58 4 0
github.com/Alieksieiev0/sgotify/pkg/services/callback_server.go:22.58,24.4 1 0
github.com/Alieksieiev0/sgotify/pkg/services/callback_server.go:27.2,27.43 1 0
github.com/Alieksieiev0/sgotify/pkg/services/callback_server.go:27.43,29.3 1 0
github.com/Alieksieiev0/sgotify/pkg/services/callback_server.go:32.52,33.54 1 0
github.com/Alieksieiev0/sgotify/pkg/services/callback_server.go:33.54,35.21 2 0
github.com/Alieksieiev0/sgotify/pkg/services/callback_server.go:35.21,37.4 1 0
github.com/Alieksieiev0/sgotify/pkg/services/callback_server.go:39.3,40.49 2 0
github.com/Alieksieiev0/sgotify/pkg/services/services.go:16.73,19.16 3 0
github.com/Alieksieiev0/sgotify/pkg/services/services.go:19.16,21.3 1 0
github.com/Alieksieiev0/sgotify/pkg/services/services.go:23.2,26.16 4 0
github.com/Alieksieiev0/sgotify/pkg/services/services.go:26.16,28.3 1 0
github.com/Alieksieiev0/sgotify/pkg/services/services.go:30.2,30.19 1 0
github.com/Alieksieiev0/sgotify/pkg/services/services.go:33.47,37.2 1 0
github.com/Alieksieiev0/sgotify/pkg/api/album.go:41.76,45.2 3 1
github.com/Alieksieiev0/sgotify/pkg/api/album.go:47.82,53.2 3 1
github.com/Alieksieiev0/sgotify/pkg/api/album.go:55.93,59.2 3 1
github.com/Alieksieiev0/sgotify/pkg/api/album.go:61.86,65.2 3 1
github.com/Alieksieiev0/sgotify/pkg/api/album.go:67.64,69.2 1 1
github.com/Alieksieiev0/sgotify/pkg/api/album.go:71.61,73.2 1 1
github.com/Alieksieiev0/sgotify/pkg/api/album.go:75.71,79.2 3 1
github.com/Alieksieiev0/sgotify/pkg/api/album.go:81.82,87.2 3 1
github.com/Alieksieiev0/sgotify/pkg/api/artist.go:25.61,29.2 3 1
github.com/Alieksieiev0/sgotify/pkg/api/artist.go:31.67,37.2 3 1
github.com/Alieksieiev0/sgotify/pkg/api/artist.go:39.94,43.2 3 1
github.com/Alieksieiev0/sgotify/pkg/api/artist.go:45.88,51.2 3 1
github.com/Alieksieiev0/sgotify/pkg/api/artist.go:53.77,59.2 3 1
github.com/Alieksieiev0/sgotify/pkg/api/audiobook.go:44.84,48.2 3 0
github.com/Alieksieiev0/sgotify/pkg/api/audiobook.go:50.90,56.2 3 0
github.com/Alieksieiev0/sgotify/pkg/api/audiobook.go:61.36,65.2 3 0
github.com/Alieksieiev0/sgotify/pkg/api/audiobook.go:67.94,71.2 3 0
github.com/Alieksieiev0/sgotify/pkg/api/audiobook.go:73.68,75.2 1 0
github.com/Alieksieiev0/sgotify/pkg/api/audiobook.go:77.65,79.2 1 0
github.com/Alieksieiev0/sgotify/pkg/api/audiobook.go:81.75,85.2 3 0
github.com/Alieksieiev0/sgotify/pkg/api/category.go:12.84,16.2 3 0
github.com/Alieksieiev0/sgotify/pkg/api/category.go:18.77,24.2 3 0
github.com/Alieksieiev0/sgotify/pkg/api/chapter.go:36.80,40.2 3 0
github.com/Alieksieiev0/sgotify/pkg/api/chapter.go:42.86,48.2 3 0
github.com/Alieksieiev0/sgotify/pkg/api/client.go:23.83,25.16 2 1
github.com/Alieksieiev0/sgotify/pkg/api/client.go:25.16,27.3 1 0
github.com/Alieksieiev0/sgotify/pkg/api/client.go:28.2,29.16 2 1
github.com/Alieksieiev0/sgotify/pkg/api/client.go:29.16,31.3 1 0
github.com/Alieksieiev0/sgotify/pkg/api/client.go:33.2,34.16 2 1
github.com/Alieksieiev0/sgotify/pkg/api/client.go:34.16,36.3 1 0
github.com/Alieksieiev0/sgotify/pkg/api/client.go:38.2,38.37 1 1
github.com/Alieksieiev0/sgotify/pkg/api/client.go:38.37,41.17 3 0
github.com/Alieksieiev0/sgotify/pkg/api/client.go:41.17,43.4 1 0
github.com/Alieksieiev0/sgotify/pkg/api/client.go:44.3,44.57 1 0
github.com/Alieksieiev0/sgotify/pkg/api/client.go:47.2,48.16 2 1
github.com/Alieksieiev0/sgotify/pkg/api/client.go:48.16,50.3 1 0
github.com/Alieksieiev0/sgotify/pkg/api/client.go:52.2,52.12 1 1
github.com/Alieksieiev0/sgotify/pkg/api/client.go:55.79,57.16 2 1
github.com/Alieksieiev0/sgotify/pkg/api/client.go:57.16,59.3 1 0
github.com/Alieksieiev0/sgotify/pkg/api/client.go:60.2,61.16 2 1
github.com/Alieksieiev0/sgotify/pkg/api/client.go:61.16,63.3 1 0
github.com/Alieksieiev0/sgotify/pkg/api/client.go:65.2,65.26 1 1
github.com/Alieksieiev0/sgotify/pkg/api/client.go:68.65,70.16 2 1
github.com/Alieksieiev0/sgotify/pkg/api/client.go:70.16,72.3 1 0
github.com/Alieksieiev0/sgotify/pkg/api/client.go:74.2,74.26 1 1
github.com/Alieksieiev0/sgotify/pkg/api/client.go:77.53,81.16 3 1
github.com/Alieksieiev0/sgotify/pkg/api/client.go:81.16,83.3 1 0
github.com/Alieksieiev0/sgotify/pkg/api/client.go:84.2,84.37 1 1
github.com/Alieksieiev0/sgotify/pkg/api/client.go:84.37,86.3 1 1
github.com/Alieksieiev0/sgotify/pkg/api/client.go:88.2,89.16 2 0
github.com/Alieksieiev0/sgotify/pkg/api/client.go:89.16,91.3 1 0
github.com/Alieksieiev0/sgotify/pkg/api/client.go:92.2,94.16 3 0
github.com/Alieksieiev0/sgotify/pkg/api/client.go:94.16,96.3 1 0
github.com/Alieksieiev0/sgotify/pkg/api/client.go:97.2,97.56 1 0
github.com/Alieksieiev0/sgotify/pkg/api/client.go:100.73,105.2 1 0
github.com/Alieksieiev0/sgotify/pkg/api/episode.go:34.80,38.2 3 0
github.com/Alieksieiev0/sgotify/pkg/api/episode.go:40.86,46.2 3 0
github.com/Alieksieiev0/sgotify/pkg/api/episode.go:48.85,52.2 3 0
github.com/Alieksieiev0/sgotify/pkg/api/episode.go:54.66,56.2 1 0
github.com/Alieksieiev0/sgotify/pkg/api/episode.go:58.63,60.2 1 0
github.com/Alieksieiev0/sgotify/pkg/api/episode.go:62.73,66.2 3 0
github.com/Alieksieiev0/sgotify/pkg/api/misc.go:44.63,50.2 3 0
github.com/Alieksieiev0/sgotify/pkg/api/misc.go:52.60,58.2 3 0
github.com/Alieksieiev0/sgotify/pkg/api/param.go:10.43,11.29 1 1
github.com/Alieksieiev0/sgotify/pkg/api/param.go:11.29,13.3 1 1
github.com/Alieksieiev0/sgotify/pkg/api/param.go:16.32,17.29 1 1
github.com/Alieksieiev0/sgotify/pkg/api/param.go:17.29,19.3 1 1
github.com/Alieksieiev0/sgotify/pkg/api/param.go:22.33,23.29 1 0
github.com/Alieksieiev0/sgotify/pkg/api/param.go:23.29,25.3 1 0
github.com/Alieksieiev0/sgotify/pkg/api/param.go:28.42,29.29 1 0
github.com/Alieksieiev0/sgotify/pkg/api/param.go:29.29,31.3 1 0
github.com/Alieksieiev0/sgotify/pkg/api/param.go:34.32,35.29 1 0
github.com/Alieksieiev0/sgotify/pkg/api/param.go:35.29,37.3 1 0
github.com/Alieksieiev0/sgotify/pkg/api/param.go:40.27,41.29 1 1
github.com/Alieksieiev0/sgotify/pkg/api/param.go:41.29,43.3 1 1
github.com/Alieksieiev0/sgotify/pkg/api/param.go:47.27,48.29 1 0
github.com/Alieksieiev0/sgotify/pkg/api/param.go:48.29,50.3 1 0
github.com/Alieksieiev0/sgotify/pkg/api/param.go:53.28,54.29 1 0
github.com/Alieksieiev0/sgotify/pkg/api/param.go:54.29,56.3 1 0
github.com/Alieksieiev0/sgotify/pkg/api/param.go:59.28,60.29 1 1
github.com/Alieksieiev0/sgotify/pkg/api/param.go:60.29,62.3 1 1
github.com/Alieksieiev0/sgotify/pkg/api/param.go:65.32,66.29 1 0
github.com/Alieksieiev0/sgotify/pkg/api/param.go:66.29,68.3 1 0
github.com/Alieksieiev0/sgotify/pkg/api/param.go:71.61,73.16 2 1
github.com/Alieksieiev0/sgotify/pkg/api/param.go:73.16,75.3 1 0
github.com/Alieksieiev0/sgotify/pkg/api/param.go:76.2,77.32 2 1
github.com/Alieksieiev0/sgotify/pkg/api/param.go:80.66,81.31 1 1
github.com/Alieksieiev0/sgotify/pkg/api/param.go:81.31,83.3 1 1
github.com/Alieksieiev0/sgotify/pkg/api/param.go:85.2,85.14 1 1
github.com/Alieksieiev0/sgotify/pkg/api/player.go:78.72,82.2 3 0
github.com/Alieksieiev0/sgotify/pkg/api/player.go:84.73,93.16 3 0
github.com/Alieksieiev0/sgotify/pkg/api/player.go:93.16,95.3 1 0
github.com/Alieksieiev0/sgotify/pkg/api/player.go:96.2,96.51 1 0
github.com/Alieksieiev0/sgotify/pkg/api/player.go:99.60,105.2 3 0
github.com/Alieksieiev0/sgotify/pkg/api/player.go:107.80,111.2 3 0
github.com/Alieksieiev0/sgotify/pkg/api/player.go:119.9,132.16 3 0
github.com/Alieksieiev0/sgotify/pkg/api/player.go:132.16,134.3 1 0
github.com/Alieksieiev0/sgotify/pkg/api/player.go:135.2,135.67 1 0
github.com/Alieksieiev0/sgotify/pkg/api/player.go:138.56,140.2 1 0
github.com/Alieksieiev0/sgotify/pkg/api/player.go:142.53,144.2 1 0
github.com/Alieksieiev0/sgotify/pkg/api/player.go:146.57,148.2 1 0
github.com/Alieksieiev0/sgotify/pkg/api/player.go:150.73,155.2 1 0
github.com/Alieksieiev0/sgotify/pkg/api/player.go:157.70,159.2 1 0
github.com/Alieksieiev0/sgotify/pkg/api/player.go:161.79,166.2 1 0
github.com/Alieksieiev0/sgotify/pkg/api/player.go:168.76,173.2 1 0
github.com/Alieksieiev0/sgotify/pkg/api/player.go:175.91,179.2 3 0
github.com/Alieksieiev0/sgotify/pkg/api/player.go:181.54,185.2 3 0
github.com/Alieksieiev0/sgotify/pkg/api/player.go:187.77,189.2 1 0
github.com/Alieksieiev0/sgotify/pkg/api/playlist.go:47.82,51.2 3 0
github.com/Alieksieiev0/sgotify/pkg/api/playlist.go:59.9,72.16 3 0
github.com/Alieksieiev0/sgotify/pkg/api/playlist.go:72.16,74.3 1 0
github.com/Alieksieiev0/sgotify/pkg/api/playlist.go:76.2,76.70 1 0
github.com/Alieksieiev0/sgotify/pkg/api/playlist.go:79.93,83.2 3 0
github.com/Alieksieiev0/sgotify/pkg/api/search.go:18.92,25.2 3 0
github.com/Alieksieiev0/sgotify/pkg/api/show.go:34.74,38.2 3 0
github.com/Alieksieiev0/sgotify/pkg/api/show.go:40.80,46.2 3 0
github.com/Alieksieiev0/sgotify/pkg/api/show.go:48.96,52.2 3 0
github.com/Alieksieiev0/sgotify/pkg/api/show.go:54.84,58.2 3 0
github.com/Alieksieiev0/sgotify/pkg/api/show.go:60.63,62.2 1 0
github.com/Alieksieiev0/sgotify/pkg/api/show.go:64.60,66.2 1 0
github.com/Alieksieiev0/sgotify/pkg/api/show.go:68.70,72.2 3 0
github.com/Alieksieiev0/sgotify/pkg/api/track.go:41.76,45.2 3 0
github.com/Alieksieiev0/sgotify/pkg/api/track.go:47.82,53.2 3 0
github.com/Alieksieiev0/sgotify/pkg/api/track.go:55.81,59.2 3 0
github.com/Alieksieiev0/sgotify/pkg/api/track.go:61.64,63.2 1 0
github.com/Alieksieiev0/sgotify/pkg/api/track.go:65.61,67.2 1 0
github.com/Alieksieiev0/sgotify/pkg/api/track.go:69.71,73.2 3 0
